<?xml version="1.0" encoding="UTF-8"?>
<coverage generated="1610403380111" clover="3.2.0">
  <project timestamp="1610403380111" name="All files">
    <metrics statements="22" coveredstatements="22" conditionals="8" coveredconditionals="8" methods="4" coveredmethods="4" elements="34" coveredelements="34" complexity="0" loc="22" ncloc="22" packages="1" files="2" classes="2"/>
    <file name="linked-list.js" path="/Users/taylor/Desktop/LinkedLists-cs/src/linked-list.js">
      <metrics statements="20" coveredstatements="20" conditionals="8" coveredconditionals="8" methods="3" coveredmethods="3"/>
      <line num="5" count="3" type="stmt"/>
      <line num="9" count="26" type="stmt"/>
      <line num="10" count="26" type="cond" truecount="2" falsecount="0"/>
      <line num="11" count="7" type="stmt"/>
      <line num="13" count="19" type="stmt"/>
      <line num="14" count="19" type="stmt"/>
      <line num="15" count="21" type="stmt"/>
      <line num="17" count="19" type="stmt"/>
      <line num="22" count="3" type="cond" truecount="2" falsecount="0"/>
      <line num="23" count="1" type="stmt"/>
      <line num="25" count="2" type="stmt"/>
      <line num="26" count="2" type="stmt"/>
      <line num="27" count="2" type="stmt"/>
      <line num="28" count="6" type="cond" truecount="2" falsecount="0"/>
      <line num="29" count="1" type="stmt"/>
      <line num="31" count="5" type="cond" truecount="2" falsecount="0"/>
      <line num="32" count="1" type="stmt"/>
      <line num="33" count="1" type="stmt"/>
      <line num="35" count="4" type="stmt"/>
      <line num="36" count="4" type="stmt"/>
    </file>
    <file name="node.js" path="/Users/taylor/Desktop/LinkedLists-cs/src/node.js">
      <metrics statements="2" coveredstatements="2" conditionals="0" coveredconditionals="0" methods="1" coveredmethods="1"/>
      <line num="3" count="27" type="stmt"/>
      <line num="4" count="27" type="stmt"/>
    </file>
  </project>
</coverage>
