{"/Users/taylor/Desktop/LinkedLists-cs/src/linked-list.js": {"path":"/Users/taylor/Desktop/LinkedLists-cs/src/linked-list.js","statementMap":{"0":{"start":{"line":5,"column":4},"end":{"line":5,"column":21}},"1":{"start":{"line":9,"column":20},"end":{"line":9,"column":34}},"2":{"start":{"line":10,"column":4},"end":{"line":18,"column":5}},"3":{"start":{"line":11,"column":6},"end":{"line":11,"column":26}},"4":{"start":{"line":13,"column":24},"end":{"line":13,"column":33}},"5":{"start":{"line":14,"column":6},"end":{"line":16,"column":7}},"6":{"start":{"line":15,"column":8},"end":{"line":15,"column":39}},"7":{"start":{"line":17,"column":6},"end":{"line":17,"column":33}},"8":{"start":{"line":22,"column":4},"end":{"line":38,"column":5}},"9":{"start":{"line":23,"column":6},"end":{"line":23,"column":33}},"10":{"start":{"line":25,"column":24},"end":{"line":25,"column":33}},"11":{"start":{"line":26,"column":25},"end":{"line":26,"column":26}},"12":{"start":{"line":27,"column":6},"end":{"line":37,"column":7}},"13":{"start":{"line":28,"column":8},"end":{"line":30,"column":9}},"14":{"start":{"line":29,"column":10},"end":{"line":29,"column":20}},"15":{"start":{"line":31,"column":8},"end":{"line":34,"column":9}},"16":{"start":{"line":32,"column":10},"end":{"line":32,"column":51}},"17":{"start":{"line":33,"column":10},"end":{"line":33,"column":16}},"18":{"start":{"line":35,"column":8},"end":{"line":35,"column":39}},"19":{"start":{"line":36,"column":8},"end":{"line":36,"column":23}}},"fnMap":{"0":{"name":"(anonymous_0)","decl":{"start":{"line":4,"column":2},"end":{"line":4,"column":3}},"loc":{"start":{"line":4,"column":16},"end":{"line":6,"column":3}},"line":4},"1":{"name":"(anonymous_1)","decl":{"start":{"line":8,"column":2},"end":{"line":8,"column":3}},"loc":{"start":{"line":8,"column":19},"end":{"line":19,"column":3}},"line":8},"2":{"name":"(anonymous_2)","decl":{"start":{"line":21,"column":2},"end":{"line":21,"column":3}},"loc":{"start":{"line":21,"column":24},"end":{"line":39,"column":3}},"line":21}},"branchMap":{"0":{"loc":{"start":{"line":10,"column":4},"end":{"line":18,"column":5}},"type":"if","locations":[{"start":{"line":10,"column":4},"end":{"line":18,"column":5}},{"start":{"line":10,"column":4},"end":{"line":18,"column":5}}],"line":10},"1":{"loc":{"start":{"line":22,"column":4},"end":{"line":38,"column":5}},"type":"if","locations":[{"start":{"line":22,"column":4},"end":{"line":38,"column":5}},{"start":{"line":22,"column":4},"end":{"line":38,"column":5}}],"line":22},"2":{"loc":{"start":{"line":28,"column":8},"end":{"line":30,"column":9}},"type":"if","locations":[{"start":{"line":28,"column":8},"end":{"line":30,"column":9}},{"start":{"line":28,"column":8},"end":{"line":30,"column":9}}],"line":28},"3":{"loc":{"start":{"line":31,"column":8},"end":{"line":34,"column":9}},"type":"if","locations":[{"start":{"line":31,"column":8},"end":{"line":34,"column":9}},{"start":{"line":31,"column":8},"end":{"line":34,"column":9}}],"line":31}},"s":{"0":3,"1":26,"2":26,"3":7,"4":19,"5":19,"6":21,"7":19,"8":3,"9":1,"10":2,"11":2,"12":2,"13":6,"14":1,"15":5,"16":1,"17":1,"18":4,"19":4},"f":{"0":3,"1":26,"2":3},"b":{"0":[7,19],"1":[1,2],"2":[1,5],"3":[1,4]},"_coverageSchema":"43e27e138ebf9cfc5966b082cf9a028302ed4184","hash":"6bccdc18c78d1ae3830aa337e8ba8eff6ef9fdb7"}
,"/Users/taylor/Desktop/LinkedLists-cs/src/node.js": {"path":"/Users/taylor/Desktop/LinkedLists-cs/src/node.js","statementMap":{"0":{"start":{"line":3,"column":4},"end":{"line":3,"column":21}},"1":{"start":{"line":4,"column":4},"end":{"line":4,"column":21}}},"fnMap":{"0":{"name":"(anonymous_0)","decl":{"start":{"line":2,"column":2},"end":{"line":2,"column":3}},"loc":{"start":{"line":2,"column":20},"end":{"line":5,"column":3}},"line":2}},"branchMap":{},"s":{"0":27,"1":27},"f":{"0":27},"b":{},"_coverageSchema":"43e27e138ebf9cfc5966b082cf9a028302ed4184","hash":"d001eb355d97dc14b78fb5bc08f464d8e8e6b079"}
}
