TN:
SF:/Users/taylor/Desktop/LinkedLists-cs/src/linked-list.js
FN:4,(anonymous_0)
FN:8,(anonymous_1)
FN:21,(anonymous_2)
FNF:3
FNH:3
FNDA:3,(anonymous_0)
FNDA:26,(anonymous_1)
FNDA:3,(anonymous_2)
DA:5,3
DA:9,26
DA:10,26
DA:11,7
DA:13,19
DA:14,19
DA:15,21
DA:17,19
DA:22,3
DA:23,1
DA:25,2
DA:26,2
DA:27,2
DA:28,6
DA:29,1
DA:31,5
DA:32,1
DA:33,1
DA:35,4
DA:36,4
LF:20
LH:20
BRDA:10,0,0,7
BRDA:10,0,1,19
BRDA:22,1,0,1
BRDA:22,1,1,2
BRDA:28,2,0,1
BRDA:28,2,1,5
BRDA:31,3,0,1
BRDA:31,3,1,4
BRF:8
BRH:8
end_of_record
TN:
SF:/Users/taylor/Desktop/LinkedLists-cs/src/node.js
FN:2,(anonymous_0)
FNF:1
FNH:1
FNDA:27,(anonymous_0)
DA:3,27
DA:4,27
LF:2
LH:2
BRF:0
BRH:0
end_of_record
